<?xml version="1.0" encoding="UTF-8"?>
<testsuite xmlns:xsi="http://www.w3.org/2001/XMLSchema-instance" xsi:noNamespaceSchemaLocation="https://maven.apache.org/surefire/maven-surefire-plugin/xsd/surefire-test-report.xsd" name="com.luanpontes.hello.HelloSpec" time="1.528" tests="1" errors="0" skipped="0" failures="0">
  <properties>
[...]
</properties>
  <testcase name="maximum of two numbers on maximum of two numbers(com.luanpontes.hello.HelloSpec)" classname="com.luanpontes.hello.HelloSpec" time="0.176"/>
</testsuite>