<?xml version="1.0" encoding="UTF-8"?>
<testng-results skipped="0" failed="0" ignored="0" total="1" passed="1">
  <reporter-output>
  </reporter-output>
  <suite name="Surefire suite" duration-ms="1008" started-at="2019-10-30T03:45:15Z" finished-at="2019-10-30T03:45:16Z">
    <groups>
    </groups>
    <test name="Surefire test" duration-ms="1008" started-at="2019-10-30T03:45:15Z" finished-at="2019-10-30T03:45:16Z">
      <class name="com.luanpontes.hello.HelloSpec">
        <test-method status="PASS" signature="maximum of two numbers(com.luanpontes.hello.HelloSpec)" name="maximum of two numbers" duration-ms="840" started-at="2019-10-30T01:45:15Z" finished-at="2019-10-30T01:45:16Z">
          <reporter-output>
          </reporter-output>
        </test-method> <!-- maximum of two numbers -->
      </class> <!-- com.luanpontes.hello.HelloSpec -->
    </test> <!-- Surefire test -->
  </suite> <!-- Surefire suite -->
</testng-results>
